#
# There is insufficient memory for the Java Runtime Environment to continue.
# Native memory allocation (malloc) failed to allocate 1622032 bytes for Chunk::new
# Possible reasons:
#   The system is out of physical RAM or swap space
#   The process is running with CompressedOops enabled, and the Java Heap may be blocking the growth of the native heap
# Possible solutions:
#   Reduce memory load on the system
#   Increase physical memory or swap space
#   Check if swap backing store is full
#   Decrease Java heap size (-Xmx/-Xms)
#   Decrease number of Java threads
#   Decrease Java thread stack sizes (-Xss)
#   Set larger code cache with -XX:ReservedCodeCacheSize=
#   JVM is running with Zero Based Compressed Oops mode in which the Java heap is
#     placed in the first 32GB address space. The Java Heap base address is the
#     maximum limit for the native heap growth. Please use -XX:HeapBaseMinAddress
#     to set the Java Heap base and to place the Java Heap above 32GB virtual address.
# This output file may be truncated or incomplete.
#
#  Out of Memory Error (arena.cpp:189), pid=15540, tid=33248
#
# JRE version: OpenJDK Runtime Environment Microsoft-8035246 (17.0.8+7) (build 17.0.8+7-LTS)
# Java VM: OpenJDK 64-Bit Server VM Microsoft-8035246 (17.0.8+7-LTS, mixed mode, sharing, tiered, compressed oops, compressed class ptrs, g1 gc, windows-amd64)
# No core dump will be written. Minidumps are not enabled by default on client versions of Windows
#

---------------  S U M M A R Y ------------

Command Line: org.jetbrains.kotlin.cli.jvm.K2JVMCompiler @D:\REACT NATIVE\finalProject\node_modules\react-native-screens\android\build\20240307_15541421787413184234.compiler.options

Host: Intel(R) Core(TM) i7-10750H CPU @ 2.60GHz, 12 cores, 15G,  Windows 11 , 64 bit Build 22621 (10.0.22621.3235)
Time: Thu Mar  7 08:48:54 2024 Malay Peninsula Standard Time elapsed time: 14.728546 seconds (0d 0h 0m 14s)

---------------  T H R E A D  ---------------

Current thread (0x000001c98a029e30):  JavaThread "C2 CompilerThread0" daemon [_thread_in_native, id=33248, stack(0x00000002de000000,0x00000002de100000)]


Current CompileTask:
C2:  14728 18841       4       org.jetbrains.kotlin.types.TypeSubstitutor::unsafeSubstitute (793 bytes)

Stack: [0x00000002de000000,0x00000002de100000]
Native frames: (J=compiled Java code, j=interpreted, Vv=VM code, C=native code)
V  [jvm.dll+0x67bf3a]
V  [jvm.dll+0x83a024]
V  [jvm.dll+0x83b7ce]
V  [jvm.dll+0x83be33]
V  [jvm.dll+0x24785f]
V  [jvm.dll+0xac3bc]
V  [jvm.dll+0xac98c]
V  [jvm.dll+0x368107]
V  [jvm.dll+0x332451]
V  [jvm.dll+0x3318fa]
V  [jvm.dll+0x21a131]
V  [jvm.dll+0x219551]
V  [jvm.dll+0x1a56b6]
V  [jvm.dll+0x2291ea]
V  [jvm.dll+0x22724c]
V  [jvm.dll+0x7efd0c]
V  [jvm.dll+0x7ea13a]
V  [jvm.dll+0x67ad85]
C  [ucrtbase.dll+0x29363]
C  [KERNEL32.DLL+0x1257d]
C  [ntdll.dll+0x5aa58]


---------------  P R O C E S S  ---------------

Threads class SMR info:
_java_thread_list=0x000001c98b7996d0, length=14, elements={
0x000001c9218a29a0, 0x000001c98a0042f0, 0x000001c98a004d80, 0x000001c98a01e920,
0x000001c98a020100, 0x000001c98a0226e0, 0x000001c98a022cb0, 0x000001c98a029e30,
0x000001c98a03d4a0, 0x000001c98a0448b0, 0x000001c98a167cb0, 0x000001c98a16abc0,
0x000001c98a03ba10, 0x000001c98a03e490
}

Java Threads: ( => current thread )
  0x000001c9218a29a0 JavaThread "main" [_thread_in_Java, id=22752, stack(0x00000002dd300000,0x00000002dd400000)]
  0x000001c98a0042f0 JavaThread "Reference Handler" daemon [_thread_blocked, id=33596, stack(0x00000002dda00000,0x00000002ddb00000)]
  0x000001c98a004d80 JavaThread "Finalizer" daemon [_thread_blocked, id=30588, stack(0x00000002ddb00000,0x00000002ddc00000)]
  0x000001c98a01e920 JavaThread "Signal Dispatcher" daemon [_thread_blocked, id=30228, stack(0x00000002ddc00000,0x00000002ddd00000)]
  0x000001c98a020100 JavaThread "Attach Listener" daemon [_thread_blocked, id=31920, stack(0x00000002ddd00000,0x00000002dde00000)]
  0x000001c98a0226e0 JavaThread "Service Thread" daemon [_thread_blocked, id=32376, stack(0x00000002dde00000,0x00000002ddf00000)]
  0x000001c98a022cb0 JavaThread "Monitor Deflation Thread" daemon [_thread_blocked, id=34404, stack(0x00000002ddf00000,0x00000002de000000)]
=>0x000001c98a029e30 JavaThread "C2 CompilerThread0" daemon [_thread_in_native, id=33248, stack(0x00000002de000000,0x00000002de100000)]
  0x000001c98a03d4a0 JavaThread "C1 CompilerThread0" daemon [_thread_blocked, id=27172, stack(0x00000002de100000,0x00000002de200000)]
  0x000001c98a0448b0 JavaThread "Sweeper thread" daemon [_thread_blocked, id=21696, stack(0x00000002de200000,0x00000002de300000)]
  0x000001c98a167cb0 JavaThread "Notification Thread" daemon [_thread_blocked, id=22852, stack(0x00000002de300000,0x00000002de400000)]
  0x000001c98a16abc0 JavaThread "Common-Cleaner" daemon [_thread_blocked, id=16696, stack(0x00000002de500000,0x00000002de600000)]
  0x000001c98a03ba10 JavaThread "C2 CompilerThread1" daemon [_thread_in_native, id=8796, stack(0x00000002de600000,0x00000002de700000)]
  0x000001c98a03e490 JavaThread "C2 CompilerThread2" daemon [_thread_in_native, id=28496, stack(0x00000002dec00000,0x00000002ded00000)]

Other Threads:
  0x000001c944cee5a0 VMThread "VM Thread" [stack: 0x00000002dd900000,0x00000002dda00000] [id=24400]
  0x000001c921929790 WatcherThread [stack: 0x00000002de400000,0x00000002de500000] [id=3736]
  0x000001c921910f00 GCTaskThread "GC Thread#0" [stack: 0x00000002dd400000,0x00000002dd500000] [id=9288]
  0x000001c98a4dc6b0 GCTaskThread "GC Thread#1" [stack: 0x00000002de700000,0x00000002de800000] [id=35476]
  0x000001c98a4dc970 GCTaskThread "GC Thread#2" [stack: 0x00000002de800000,0x00000002de900000] [id=2504]
  0x000001c98a578d80 GCTaskThread "GC Thread#3" [stack: 0x00000002de900000,0x00000002dea00000] [id=3568]
  0x000001c98a579040 GCTaskThread "GC Thread#4" [stack: 0x00000002dea00000,0x00000002deb00000] [id=8804]
  0x000001c98a579300 GCTaskThread "GC Thread#5" [stack: 0x00000002deb00000,0x00000002dec00000] [id=33216]
  0x000001c98ae52ff0 GCTaskThread "GC Thread#6" [stack: 0x00000002ded00000,0x00000002dee00000] [id=22956]
  0x000001c98af8dae0 GCTaskThread "GC Thread#7" [stack: 0x00000002dee00000,0x00000002def00000] [id=5512]
  0x000001c98b738020 GCTaskThread "GC Thread#8" [stack: 0x00000002def00000,0x00000002df000000] [id=30828]
  0x000001c98b7382e0 GCTaskThread "GC Thread#9" [stack: 0x00000002df000000,0x00000002df100000] [id=22748]
  0x000001c921921ce0 ConcurrentGCThread "G1 Main Marker" [stack: 0x00000002dd500000,0x00000002dd600000] [id=21116]
  0x000001c9219226f0 ConcurrentGCThread "G1 Conc#0" [stack: 0x00000002dd600000,0x00000002dd700000] [id=13192]
  0x000001c98ae91c50 ConcurrentGCThread "G1 Conc#1" [stack: 0x00000002df100000,0x00000002df200000] [id=11080]
  0x000001c98b324b10 ConcurrentGCThread "G1 Conc#2" [stack: 0x00000002df200000,0x00000002df300000] [id=15984]
  0x000001c944ba39c0 ConcurrentGCThread "G1 Refine#0" [stack: 0x00000002dd700000,0x00000002dd800000] [id=21124]
  0x000001c98e604570 ConcurrentGCThread "G1 Refine#1" [stack: 0x00000002df300000,0x00000002df400000] [id=19656]
  0x000001c98e602520 ConcurrentGCThread "G1 Refine#2" [stack: 0x00000002df400000,0x00000002df500000] [id=29940]
  0x000001c98e604860 ConcurrentGCThread "G1 Refine#3" [stack: 0x00000002df500000,0x00000002df600000] [id=17448]
  0x000001c98e604b50 ConcurrentGCThread "G1 Refine#4" [stack: 0x00000002df600000,0x00000002df700000] [id=11612]
  0x000001c98e602810 ConcurrentGCThread "G1 Refine#5" [stack: 0x00000002df700000,0x00000002df800000] [id=4188]
  0x000001c98e604e40 ConcurrentGCThread "G1 Refine#6" [stack: 0x00000002df800000,0x00000002df900000] [id=15140]
  0x000001c98fda3540 ConcurrentGCThread "G1 Refine#7" [stack: 0x00000002df900000,0x00000002dfa00000] [id=30348]
  0x000001c98fda49d0 ConcurrentGCThread "G1 Refine#8" [stack: 0x00000002dfa00000,0x00000002dfb00000] [id=14128]
  0x000001c98fda3830 ConcurrentGCThread "G1 Refine#9" [stack: 0x00000002dfb00000,0x00000002dfc00000] [id=19276]
  0x000001c944ba6010 ConcurrentGCThread "G1 Service" [stack: 0x00000002dd800000,0x00000002dd900000] [id=19316]

Threads with active compile tasks:
C2 CompilerThread0    14741 18841       4       org.jetbrains.kotlin.types.TypeSubstitutor::unsafeSubstitute (793 bytes)
C2 CompilerThread1    14741 19039       4       org.jetbrains.kotlin.backend.common.lower.DefaultArgumentStubGeneratorKt::findBaseFunctionWithDefaultArguments$dfsImpl (253 bytes)
C2 CompilerThread2    14741 18757       4       org.jetbrains.kotlin.ir.util.IrFakeOverrideUtilsKt::collectAndFilterRealOverrides$collectRealOverrides (157 bytes)

VM state: not at safepoint (normal execution)

VM Mutex/Monitor currently owned by a thread: None

Heap address: 0x0000000701600000, size: 4074 MB, Compressed Oops mode: Zero based, Oop shift amount: 3

CDS archive(s) mapped at: [0x000001c945000000-0x000001c945bd0000-0x000001c945bd0000), size 12386304, SharedBaseAddress: 0x000001c945000000, ArchiveRelocationMode: 1.
Compressed class space mapped at: 0x000001c946000000-0x000001c986000000, reserved size: 1073741824
Narrow klass base: 0x000001c945000000, Narrow klass shift: 0, Narrow klass range: 0x100000000

GC Precious Log:
 CPUs: 12 total, 12 available
 Memory: 16291M
 Large Page Support: Disabled
 NUMA Support: Disabled
 Compressed Oops: Enabled (Zero based)
 Heap Region Size: 2M
 Heap Min Capacity: 8M
 Heap Initial Capacity: 256M
 Heap Max Capacity: 4074M
 Pre-touch: Disabled
 Parallel Workers: 10
 Concurrent Workers: 3
 Concurrent Refinement Workers: 10
 Periodic GC: Disabled

Heap:
 garbage-first heap   total 305152K, used 165219K [0x0000000701600000, 0x0000000800000000)
  region size 2048K, 27 young (55296K), 6 survivors (12288K)
 Metaspace       used 78144K, committed 78464K, reserved 1179648K
  class space    used 8537K, committed 8704K, reserved 1048576K

Heap Regions: E=young(eden), S=young(survivor), O=old, HS=humongous(starts), HC=humongous(continues), CS=collection set, F=free, OA=open archive, CA=closed archive, TAMS=top-at-mark-start (previous, next)
|   0|0x0000000701600000, 0x0000000701800000, 0x0000000701800000|100%|HS|  |TAMS 0x0000000701800000, 0x0000000701600000| Complete 
|   1|0x0000000701800000, 0x0000000701a00000, 0x0000000701a00000|100%|HC|  |TAMS 0x0000000701a00000, 0x0000000701800000| Complete 
|   2|0x0000000701a00000, 0x0000000701c00000, 0x0000000701c00000|100%|HS|  |TAMS 0x0000000701c00000, 0x0000000701a00000| Complete 
|   3|0x0000000701c00000, 0x0000000701e00000, 0x0000000701e00000|100%|HS|  |TAMS 0x0000000701e00000, 0x0000000701c00000| Complete 
|   4|0x0000000701e00000, 0x0000000702000000, 0x0000000702000000|100%|HC|  |TAMS 0x0000000702000000, 0x0000000701e00000| Complete 
|   5|0x0000000702000000, 0x0000000702200000, 0x0000000702200000|100%| O|  |TAMS 0x0000000702200000, 0x0000000702000000| Untracked 
|   6|0x0000000702200000, 0x0000000702400000, 0x0000000702400000|100%| O|  |TAMS 0x0000000702400000, 0x0000000702200000| Untracked 
|   7|0x0000000702400000, 0x0000000702600000, 0x0000000702600000|100%| O|  |TAMS 0x0000000702600000, 0x0000000702400000| Untracked 
|   8|0x0000000702600000, 0x0000000702800000, 0x0000000702800000|100%| O|  |TAMS 0x0000000702800000, 0x0000000702600000| Untracked 
|   9|0x0000000702800000, 0x0000000702a00000, 0x0000000702a00000|100%| O|  |TAMS 0x0000000702a00000, 0x0000000702800000| Untracked 
|  10|0x0000000702a00000, 0x0000000702c00000, 0x0000000702c00000|100%| O|  |TAMS 0x0000000702c00000, 0x0000000702a00000| Untracked 
|  11|0x0000000702c00000, 0x0000000702e00000, 0x0000000702e00000|100%| O|  |TAMS 0x0000000702e00000, 0x0000000702c00000| Untracked 
|  12|0x0000000702e00000, 0x0000000703000000, 0x0000000703000000|100%| O|  |TAMS 0x0000000703000000, 0x0000000702e00000| Untracked 
|  13|0x0000000703000000, 0x0000000703200000, 0x0000000703200000|100%| O|  |TAMS 0x0000000703200000, 0x0000000703000000| Untracked 
|  14|0x0000000703200000, 0x0000000703400000, 0x0000000703400000|100%| O|  |TAMS 0x0000000703400000, 0x0000000703200000| Untracked 
|  15|0x0000000703400000, 0x0000000703600000, 0x0000000703600000|100%| O|  |TAMS 0x0000000703600000, 0x0000000703400000| Untracked 
|  16|0x0000000703600000, 0x0000000703800000, 0x0000000703800000|100%| O|  |TAMS 0x0000000703800000, 0x0000000703600000| Untracked 
|  17|0x0000000703800000, 0x0000000703a00000, 0x0000000703a00000|100%| O|  |TAMS 0x0000000703a00000, 0x0000000703800000| Untracked 
|  18|0x0000000703a00000, 0x0000000703c00000, 0x0000000703c00000|100%| O|  |TAMS 0x0000000703c00000, 0x0000000703a00000| Untracked 
|  19|0x0000000703c00000, 0x0000000703e00000, 0x0000000703e00000|100%| O|  |TAMS 0x0000000703e00000, 0x0000000703c00000| Untracked 
|  20|0x0000000703e00000, 0x0000000704000000, 0x0000000704000000|100%| O|  |TAMS 0x0000000704000000, 0x0000000703e00000| Untracked 
|  21|0x0000000704000000, 0x0000000704200000, 0x0000000704200000|100%| O|  |TAMS 0x0000000704200000, 0x0000000704000000| Untracked 
|  22|0x0000000704200000, 0x0000000704400000, 0x0000000704400000|100%| O|  |TAMS 0x0000000704400000, 0x0000000704200000| Untracked 
|  23|0x0000000704400000, 0x0000000704600000, 0x0000000704600000|100%| O|  |TAMS 0x0000000704600000, 0x0000000704400000| Untracked 
|  24|0x0000000704600000, 0x0000000704800000, 0x0000000704800000|100%| O|  |TAMS 0x0000000704800000, 0x0000000704600000| Untracked 
|  25|0x0000000704800000, 0x0000000704a00000, 0x0000000704a00000|100%| O|  |TAMS 0x0000000704a00000, 0x0000000704800000| Untracked 
|  26|0x0000000704a00000, 0x0000000704c00000, 0x0000000704c00000|100%| O|  |TAMS 0x0000000704c00000, 0x0000000704a00000| Untracked 
|  27|0x0000000704c00000, 0x0000000704e00000, 0x0000000704e00000|100%| O|  |TAMS 0x0000000704e00000, 0x0000000704c00000| Untracked 
|  28|0x0000000704e00000, 0x0000000705000000, 0x0000000705000000|100%| O|  |TAMS 0x0000000705000000, 0x0000000704e00000| Untracked 
|  29|0x0000000705000000, 0x0000000705200000, 0x0000000705200000|100%| O|  |TAMS 0x0000000705200000, 0x0000000705000000| Untracked 
|  30|0x0000000705200000, 0x0000000705400000, 0x0000000705400000|100%| O|  |TAMS 0x0000000705400000, 0x0000000705200000| Untracked 
|  31|0x0000000705400000, 0x0000000705600000, 0x0000000705600000|100%| O|  |TAMS 0x0000000705600000, 0x0000000705400000| Untracked 
|  32|0x0000000705600000, 0x0000000705800000, 0x0000000705800000|100%| O|  |TAMS 0x000000070572fe00, 0x0000000705600000| Untracked 
|  33|0x0000000705800000, 0x0000000705a00000, 0x0000000705a00000|100%| O|  |TAMS 0x0000000705800000, 0x0000000705800000| Untracked 
|  34|0x0000000705a00000, 0x0000000705c00000, 0x0000000705c00000|100%| O|  |TAMS 0x0000000705a00000, 0x0000000705a00000| Untracked 
|  35|0x0000000705c00000, 0x0000000705e00000, 0x0000000705e00000|100%| O|  |TAMS 0x0000000705c00000, 0x0000000705c00000| Untracked 
|  36|0x0000000705e00000, 0x0000000706000000, 0x0000000706000000|100%| O|  |TAMS 0x0000000705e00000, 0x0000000705e00000| Untracked 
|  37|0x0000000706000000, 0x0000000706200000, 0x0000000706200000|100%| O|  |TAMS 0x0000000706000000, 0x0000000706000000| Untracked 
|  38|0x0000000706200000, 0x0000000706400000, 0x0000000706400000|100%|HS|  |TAMS 0x0000000706200000, 0x0000000706200000| Complete 
|  39|0x0000000706400000, 0x0000000706600000, 0x0000000706600000|100%| O|  |TAMS 0x0000000706400000, 0x0000000706400000| Untracked 
|  40|0x0000000706600000, 0x0000000706800000, 0x0000000706800000|100%| O|  |TAMS 0x0000000706600000, 0x0000000706600000| Untracked 
|  41|0x0000000706800000, 0x0000000706a00000, 0x0000000706a00000|100%| O|  |TAMS 0x0000000706800000, 0x0000000706800000| Untracked 
|  42|0x0000000706a00000, 0x0000000706c00000, 0x0000000706c00000|100%| O|  |TAMS 0x0000000706a00000, 0x0000000706a00000| Untracked 
|  43|0x0000000706c00000, 0x0000000706e00000, 0x0000000706e00000|100%| O|  |TAMS 0x0000000706c00000, 0x0000000706c00000| Untracked 
|  44|0x0000000706e00000, 0x0000000707000000, 0x0000000707000000|100%| O|  |TAMS 0x0000000706e00000, 0x0000000706e00000| Untracked 
|  45|0x0000000707000000, 0x0000000707200000, 0x0000000707200000|100%| O|  |TAMS 0x0000000707000000, 0x0000000707000000| Untracked 
|  46|0x0000000707200000, 0x0000000707400000, 0x0000000707400000|100%| O|  |TAMS 0x0000000707200000, 0x0000000707200000| Untracked 
|  47|0x0000000707400000, 0x0000000707600000, 0x0000000707600000|100%| O|  |TAMS 0x0000000707400000, 0x0000000707400000| Untracked 
|  48|0x0000000707600000, 0x0000000707800000, 0x0000000707800000|100%| O|  |TAMS 0x0000000707600000, 0x0000000707600000| Untracked 
|  49|0x0000000707800000, 0x0000000707a00000, 0x0000000707a00000|100%| O|  |TAMS 0x0000000707800000, 0x0000000707800000| Untracked 
|  50|0x0000000707a00000, 0x0000000707c00000, 0x0000000707c00000|100%| O|  |TAMS 0x0000000707a00000, 0x0000000707a00000| Untracked 
|  51|0x0000000707c00000, 0x0000000707e00000, 0x0000000707e00000|100%| O|  |TAMS 0x0000000707c00000, 0x0000000707c00000| Untracked 
|  52|0x0000000707e00000, 0x0000000708000000, 0x0000000708000000|100%| O|  |TAMS 0x0000000707e00000, 0x0000000707e00000| Untracked 
|  53|0x0000000708000000, 0x0000000708200000, 0x0000000708200000|100%| O|  |TAMS 0x0000000708000000, 0x0000000708000000| Untracked 
|  54|0x0000000708200000, 0x00000007083f1800, 0x0000000708400000| 97%| O|  |TAMS 0x0000000708200000, 0x0000000708200000| Untracked 
|  55|0x0000000708400000, 0x0000000708400000, 0x0000000708600000|  0%| F|  |TAMS 0x0000000708400000, 0x0000000708400000| Untracked 
|  56|0x0000000708600000, 0x0000000708600000, 0x0000000708800000|  0%| F|  |TAMS 0x0000000708600000, 0x0000000708600000| Untracked 
|  57|0x0000000708800000, 0x0000000708800000, 0x0000000708a00000|  0%| F|  |TAMS 0x0000000708800000, 0x0000000708800000| Untracked 
|  58|0x0000000708a00000, 0x0000000708a00000, 0x0000000708c00000|  0%| F|  |TAMS 0x0000000708a00000, 0x0000000708a00000| Untracked 
|  59|0x0000000708c00000, 0x0000000708c00000, 0x0000000708e00000|  0%| F|  |TAMS 0x0000000708c00000, 0x0000000708c00000| Untracked 
|  60|0x0000000708e00000, 0x0000000708e00000, 0x0000000709000000|  0%| F|  |TAMS 0x0000000708e00000, 0x0000000708e00000| Untracked 
|  61|0x0000000709000000, 0x0000000709000000, 0x0000000709200000|  0%| F|  |TAMS 0x0000000709000000, 0x0000000709000000| Untracked 
|  62|0x0000000709200000, 0x0000000709200000, 0x0000000709400000|  0%| F|  |TAMS 0x0000000709200000, 0x0000000709200000| Untracked 
|  63|0x0000000709400000, 0x0000000709400000, 0x0000000709600000|  0%| F|  |TAMS 0x0000000709400000, 0x0000000709400000| Untracked 
|  64|0x0000000709600000, 0x0000000709600000, 0x0000000709800000|  0%| F|  |TAMS 0x0000000709600000, 0x0000000709600000| Untracked 
|  65|0x0000000709800000, 0x0000000709800000, 0x0000000709a00000|  0%| F|  |TAMS 0x0000000709800000, 0x0000000709800000| Untracked 
|  66|0x0000000709a00000, 0x0000000709a00000, 0x0000000709c00000|  0%| F|  |TAMS 0x0000000709a00000, 0x0000000709a00000| Untracked 
|  67|0x0000000709c00000, 0x0000000709c00000, 0x0000000709e00000|  0%| F|  |TAMS 0x0000000709c00000, 0x0000000709c00000| Untracked 
|  68|0x0000000709e00000, 0x0000000709e00000, 0x000000070a000000|  0%| F|  |TAMS 0x0000000709e00000, 0x0000000709e00000| Untracked 
|  69|0x000000070a000000, 0x000000070a000000, 0x000000070a200000|  0%| F|  |TAMS 0x000000070a000000, 0x000000070a000000| Untracked 
|  70|0x000000070a200000, 0x000000070a200000, 0x000000070a400000|  0%| F|  |TAMS 0x000000070a200000, 0x000000070a200000| Untracked 
|  71|0x000000070a400000, 0x000000070a400000, 0x000000070a600000|  0%| F|  |TAMS 0x000000070a400000, 0x000000070a400000| Untracked 
|  72|0x000000070a600000, 0x000000070a600000, 0x000000070a800000|  0%| F|  |TAMS 0x000000070a600000, 0x000000070a600000| Untracked 
|  73|0x000000070a800000, 0x000000070a800000, 0x000000070aa00000|  0%| F|  |TAMS 0x000000070a800000, 0x000000070a800000| Untracked 
|  74|0x000000070aa00000, 0x000000070aa00000, 0x000000070ac00000|  0%| F|  |TAMS 0x000000070aa00000, 0x000000070aa00000| Untracked 
|  75|0x000000070ac00000, 0x000000070ac00000, 0x000000070ae00000|  0%| F|  |TAMS 0x000000070ac00000, 0x000000070ac00000| Untracked 
|  76|0x000000070ae00000, 0x000000070ae00000, 0x000000070b000000|  0%| F|  |TAMS 0x000000070ae00000, 0x000000070ae00000| Untracked 
|  77|0x000000070b000000, 0x000000070b000000, 0x000000070b200000|  0%| F|  |TAMS 0x000000070b000000, 0x000000070b000000| Untracked 
|  78|0x000000070b200000, 0x000000070b200000, 0x000000070b400000|  0%| F|  |TAMS 0x000000070b200000, 0x000000070b200000| Untracked 
|  79|0x000000070b400000, 0x000000070b400000, 0x000000070b600000|  0%| F|  |TAMS 0x000000070b400000, 0x000000070b400000| Untracked 
|  80|0x000000070b600000, 0x000000070b600000, 0x000000070b800000|  0%| F|  |TAMS 0x000000070b600000, 0x000000070b600000| Untracked 
|  81|0x000000070b800000, 0x000000070b800000, 0x000000070ba00000|  0%| F|  |TAMS 0x000000070b800000, 0x000000070b800000| Untracked 
|  82|0x000000070ba00000, 0x000000070ba00000, 0x000000070bc00000|  0%| F|  |TAMS 0x000000070ba00000, 0x000000070ba00000| Untracked 
|  83|0x000000070bc00000, 0x000000070bc00000, 0x000000070be00000|  0%| F|  |TAMS 0x000000070bc00000, 0x000000070bc00000| Untracked 
|  84|0x000000070be00000, 0x000000070bf67610, 0x000000070c000000| 70%| S|CS|TAMS 0x000000070be00000, 0x000000070be00000| Complete 
|  85|0x000000070c000000, 0x000000070c200000, 0x000000070c200000|100%| S|CS|TAMS 0x000000070c000000, 0x000000070c000000| Complete 
|  86|0x000000070c200000, 0x000000070c400000, 0x000000070c400000|100%| S|CS|TAMS 0x000000070c200000, 0x000000070c200000| Complete 
|  87|0x000000070c400000, 0x000000070c600000, 0x000000070c600000|100%| S|CS|TAMS 0x000000070c400000, 0x000000070c400000| Complete 
|  88|0x000000070c600000, 0x000000070c800000, 0x000000070c800000|100%| S|CS|TAMS 0x000000070c600000, 0x000000070c600000| Complete 
|  89|0x000000070c800000, 0x000000070ca00000, 0x000000070ca00000|100%| S|CS|TAMS 0x000000070c800000, 0x000000070c800000| Complete 
|  90|0x000000070ca00000, 0x000000070ca00000, 0x000000070cc00000|  0%| F|  |TAMS 0x000000070ca00000, 0x000000070ca00000| Untracked 
|  91|0x000000070cc00000, 0x000000070cc00000, 0x000000070ce00000|  0%| F|  |TAMS 0x000000070cc00000, 0x000000070cc00000| Untracked 
|  92|0x000000070ce00000, 0x000000070ce00000, 0x000000070d000000|  0%| F|  |TAMS 0x000000070ce00000, 0x000000070ce00000| Untracked 
|  93|0x000000070d000000, 0x000000070d000000, 0x000000070d200000|  0%| F|  |TAMS 0x000000070d000000, 0x000000070d000000| Untracked 
|  94|0x000000070d200000, 0x000000070d200000, 0x000000070d400000|  0%| F|  |TAMS 0x000000070d200000, 0x000000070d200000| Untracked 
|  95|0x000000070d400000, 0x000000070d400000, 0x000000070d600000|  0%| F|  |TAMS 0x000000070d400000, 0x000000070d400000| Untracked 
|  96|0x000000070d600000, 0x000000070d600000, 0x000000070d800000|  0%| F|  |TAMS 0x000000070d600000, 0x000000070d600000| Untracked 
|  97|0x000000070d800000, 0x000000070d800000, 0x000000070da00000|  0%| F|  |TAMS 0x000000070d800000, 0x000000070d800000| Untracked 
|  98|0x000000070da00000, 0x000000070da00000, 0x000000070dc00000|  0%| F|  |TAMS 0x000000070da00000, 0x000000070da00000| Untracked 
|  99|0x000000070dc00000, 0x000000070dc00000, 0x000000070de00000|  0%| F|  |TAMS 0x000000070dc00000, 0x000000070dc00000| Untracked 
| 100|0x000000070de00000, 0x000000070de00000, 0x000000070e000000|  0%| F|  |TAMS 0x000000070de00000, 0x000000070de00000| Untracked 
| 101|0x000000070e000000, 0x000000070e000000, 0x000000070e200000|  0%| F|  |TAMS 0x000000070e000000, 0x000000070e000000| Untracked 
| 102|0x000000070e200000, 0x000000070e200000, 0x000000070e400000|  0%| F|  |TAMS 0x000000070e200000, 0x000000070e200000| Untracked 
| 103|0x000000070e400000, 0x000000070e400000, 0x000000070e600000|  0%| F|  |TAMS 0x000000070e400000, 0x000000070e400000| Untracked 
| 104|0x000000070e600000, 0x000000070e600000, 0x000000070e800000|  0%| F|  |TAMS 0x000000070e600000, 0x000000070e600000| Untracked 
| 105|0x000000070e800000, 0x000000070e800000, 0x000000070ea00000|  0%| F|  |TAMS 0x000000070e800000, 0x000000070e800000| Untracked 
| 106|0x000000070ea00000, 0x000000070ea00000, 0x000000070ec00000|  0%| F|  |TAMS 0x000000070ea00000, 0x000000070ea00000| Untracked 
| 107|0x000000070ec00000, 0x000000070ec00000, 0x000000070ee00000|  0%| F|  |TAMS 0x000000070ec00000, 0x000000070ec00000| Untracked 
| 108|0x000000070ee00000, 0x000000070ee00000, 0x000000070f000000|  0%| F|  |TAMS 0x000000070ee00000, 0x000000070ee00000| Untracked 
| 109|0x000000070f000000, 0x000000070f000000, 0x000000070f200000|  0%| F|  |TAMS 0x000000070f000000, 0x000000070f000000| Untracked 
| 110|0x000000070f200000, 0x000000070f200000, 0x000000070f400000|  0%| F|  |TAMS 0x000000070f200000, 0x000000070f200000| Untracked 
| 111|0x000000070f400000, 0x000000070f400000, 0x000000070f600000|  0%| F|  |TAMS 0x000000070f400000, 0x000000070f400000| Untracked 
| 112|0x000000070f600000, 0x000000070f600000, 0x000000070f800000|  0%| F|  |TAMS 0x000000070f600000, 0x000000070f600000| Untracked 
| 113|0x000000070f800000, 0x000000070f800000, 0x000000070fa00000|  0%| F|  |TAMS 0x000000070f800000, 0x000000070f800000| Untracked 
| 114|0x000000070fa00000, 0x000000070fa00000, 0x000000070fc00000|  0%| F|  |TAMS 0x000000070fa00000, 0x000000070fa00000| Untracked 
| 115|0x000000070fc00000, 0x000000070fc00000, 0x000000070fe00000|  0%| F|  |TAMS 0x000000070fc00000, 0x000000070fc00000| Untracked 
| 116|0x000000070fe00000, 0x000000070fe00000, 0x0000000710000000|  0%| F|  |TAMS 0x000000070fe00000, 0x000000070fe00000| Untracked 
| 117|0x0000000710000000, 0x0000000710000000, 0x0000000710200000|  0%| F|  |TAMS 0x0000000710000000, 0x0000000710000000| Untracked 
| 118|0x0000000710200000, 0x0000000710200000, 0x0000000710400000|  0%| F|  |TAMS 0x0000000710200000, 0x0000000710200000| Untracked 
| 119|0x0000000710400000, 0x0000000710400000, 0x0000000710600000|  0%| F|  |TAMS 0x0000000710400000, 0x0000000710400000| Untracked 
| 120|0x0000000710600000, 0x0000000710600000, 0x0000000710800000|  0%| F|  |TAMS 0x0000000710600000, 0x0000000710600000| Untracked 
| 121|0x0000000710800000, 0x0000000710800000, 0x0000000710a00000|  0%| F|  |TAMS 0x0000000710800000, 0x0000000710800000| Untracked 
| 122|0x0000000710a00000, 0x0000000710a00000, 0x0000000710c00000|  0%| F|  |TAMS 0x0000000710a00000, 0x0000000710a00000| Untracked 
| 123|0x0000000710c00000, 0x0000000710c00000, 0x0000000710e00000|  0%| F|  |TAMS 0x0000000710c00000, 0x0000000710c00000| Untracked 
| 124|0x0000000710e00000, 0x0000000710e00000, 0x0000000711000000|  0%| F|  |TAMS 0x0000000710e00000, 0x0000000710e00000| Untracked 
| 125|0x0000000711000000, 0x0000000711000000, 0x0000000711200000|  0%| F|  |TAMS 0x0000000711000000, 0x0000000711000000| Untracked 
| 126|0x0000000711200000, 0x0000000711200000, 0x0000000711400000|  0%| F|  |TAMS 0x0000000711200000, 0x0000000711200000| Untracked 
| 127|0x0000000711400000, 0x0000000711500800, 0x0000000711600000| 50%| E|  |TAMS 0x0000000711400000, 0x0000000711400000| Complete 
| 128|0x0000000711600000, 0x0000000711800000, 0x0000000711800000|100%| E|CS|TAMS 0x0000000711600000, 0x0000000711600000| Complete 
| 129|0x0000000711800000, 0x0000000711a00000, 0x0000000711a00000|100%| E|CS|TAMS 0x0000000711800000, 0x0000000711800000| Complete 
| 130|0x0000000711a00000, 0x0000000711c00000, 0x0000000711c00000|100%| E|CS|TAMS 0x0000000711a00000, 0x0000000711a00000| Complete 
| 131|0x0000000711c00000, 0x0000000711e00000, 0x0000000711e00000|100%| E|CS|TAMS 0x0000000711c00000, 0x0000000711c00000| Complete 
| 132|0x0000000711e00000, 0x0000000712000000, 0x0000000712000000|100%| E|CS|TAMS 0x0000000711e00000, 0x0000000711e00000| Complete 
| 133|0x0000000712000000, 0x0000000712200000, 0x0000000712200000|100%| E|CS|TAMS 0x0000000712000000, 0x0000000712000000| Complete 
| 134|0x0000000712200000, 0x0000000712400000, 0x0000000712400000|100%| E|CS|TAMS 0x0000000712200000, 0x0000000712200000| Complete 
| 135|0x0000000712400000, 0x0000000712600000, 0x0000000712600000|100%| E|CS|TAMS 0x0000000712400000, 0x0000000712400000| Complete 
| 136|0x0000000712600000, 0x0000000712800000, 0x0000000712800000|100%| E|CS|TAMS 0x0000000712600000, 0x0000000712600000| Complete 
| 137|0x0000000712800000, 0x0000000712a00000, 0x0000000712a00000|100%| E|CS|TAMS 0x0000000712800000, 0x0000000712800000| Complete 
| 138|0x0000000712a00000, 0x0000000712c00000, 0x0000000712c00000|100%| E|CS|TAMS 0x0000000712a00000, 0x0000000712a00000| Complete 
| 139|0x0000000712c00000, 0x0000000712e00000, 0x0000000712e00000|100%| E|CS|TAMS 0x0000000712c00000, 0x0000000712c00000| Complete 
| 140|0x0000000712e00000, 0x0000000713000000, 0x0000000713000000|100%| E|CS|TAMS 0x0000000712e00000, 0x0000000712e00000| Complete 
| 141|0x0000000713000000, 0x0000000713200000, 0x0000000713200000|100%| E|CS|TAMS 0x0000000713000000, 0x0000000713000000| Complete 
| 142|0x0000000713200000, 0x0000000713400000, 0x0000000713400000|100%| E|CS|TAMS 0x0000000713200000, 0x0000000713200000| Complete 
| 143|0x0000000713400000, 0x0000000713600000, 0x0000000713600000|100%| E|CS|TAMS 0x0000000713400000, 0x0000000713400000| Complete 
| 144|0x0000000713600000, 0x0000000713800000, 0x0000000713800000|100%| E|CS|TAMS 0x0000000713600000, 0x0000000713600000| Complete 
| 145|0x0000000713800000, 0x0000000713a00000, 0x0000000713a00000|100%| E|CS|TAMS 0x0000000713800000, 0x0000000713800000| Complete 
| 146|0x0000000713a00000, 0x0000000713c00000, 0x0000000713c00000|100%| E|CS|TAMS 0x0000000713a00000, 0x0000000713a00000| Complete 
| 147|0x0000000713c00000, 0x0000000713e00000, 0x0000000713e00000|100%| E|CS|TAMS 0x0000000713c00000, 0x0000000713c00000| Complete 
| 148|0x0000000713e00000, 0x0000000714000000, 0x0000000714000000|100%| E|CS|TAMS 0x0000000713e00000, 0x0000000713e00000| Complete 

Card table byte_map: [0x000001c9390f0000,0x000001c9398f0000] _byte_map_base: 0x000001c9358e5000

Marking Bits (Prev, Next): (CMBitMap*) 0x000001c921911560, (CMBitMap*) 0x000001c921911520
 Prev Bits: [0x000001c93e0a0000, 0x000001c942048000)
 Next Bits: [0x000001c93a0f0000, 0x000001c93e098000)

Polling page: 0x000001c921050000

Metaspace:

Usage:
  Non-class:     67.98 MB used.
      Class:      8.34 MB used.
       Both:     76.31 MB used.

Virtual space:
  Non-class space:      128.00 MB reserved,      68.12 MB ( 53%) committed,  2 nodes.
      Class space:        1.00 GB reserved,       8.50 MB ( <1%) committed,  1 nodes.
             Both:        1.12 GB reserved,      76.62 MB (  7%) committed. 

Chunk freelists:
   Non-Class:  11.88 MB
       Class:  7.45 MB
        Both:  19.33 MB

MaxMetaspaceSize: unlimited
CompressedClassSpaceSize: 1.00 GB
Initial GC threshold: 21.00 MB
Current GC threshold: 97.94 MB
CDS: on
MetaspaceReclaimPolicy: balanced
 - commit_granule_bytes: 65536.
 - commit_granule_words: 8192.
 - virtual_space_node_default_size: 8388608.
 - enlarge_chunks_in_place: 1.
 - new_chunks_are_fully_committed: 0.
 - uncommit_free_chunks: 1.
 - use_allocation_guard: 0.
 - handle_deallocations: 1.


Internal statistics:

num_allocs_failed_limit: 9.
num_arena_births: 412.
num_arena_deaths: 0.
num_vsnodes_births: 3.
num_vsnodes_deaths: 0.
num_space_committed: 1224.
num_space_uncommitted: 0.
num_chunks_returned_to_freelist: 9.
num_chunks_taken_from_freelist: 3238.
num_chunk_merges: 9.
num_chunk_splits: 2597.
num_chunks_enlarged: 2267.
num_inconsistent_stats: 0.

CodeHeap 'non-profiled nmethods': size=120000Kb used=8301Kb max_used=8618Kb free=111698Kb
 bounds [0x000001c930e60000, 0x000001c9316d0000, 0x000001c938390000]
CodeHeap 'profiled nmethods': size=120000Kb used=39994Kb max_used=41195Kb free=80005Kb
 bounds [0x000001c929390000, 0x000001c92bbe0000, 0x000001c9308c0000]
CodeHeap 'non-nmethods': size=5760Kb used=1410Kb max_used=1559Kb free=4349Kb
 bounds [0x000001c9308c0000, 0x000001c930b30000, 0x000001c930e60000]
 total_blobs=15272 nmethods=14534 adapters=646
 compilation: enabled
              stopped_count=0, restarted_count=0
 full_count=0

Compilation events (20 events):
Event: 14.716 Thread 0x000001c98a03d4a0 nmethod 19024 0x000001c929f9b190 code [0x000001c929f9b420, 0x000001c929f9bad8]
Event: 14.716 Thread 0x000001c98a03d4a0 19025       1       org.jetbrains.kotlin.backend.common.lower.LocalDeclarationsLowering$LocalFunctionContext::getDeclaration (5 bytes)
Event: 14.717 Thread 0x000001c98a03d4a0 nmethod 19025 0x000001c930ef6890 code [0x000001c930ef6a20, 0x000001c930ef6af8]
Event: 14.717 Thread 0x000001c98a03d4a0 19019       2       org.jetbrains.kotlin.backend.common.lower.SharedVariablesLowering$SharedVariablesTransformer$collectSharedVariables$1::visitBranch (13 bytes)
Event: 14.717 Thread 0x000001c98a03d4a0 nmethod 19019 0x000001c92a233c10 code [0x000001c92a233e40, 0x000001c92a234368]
Event: 14.717 Thread 0x000001c98a03d4a0 19038       2       org.jetbrains.kotlin.ir.expressions.IrVararg::acceptChildren (70 bytes)
Event: 14.717 Thread 0x000001c98a03d4a0 nmethod 19038 0x000001c92a7ee190 code [0x000001c92a7ee3a0, 0x000001c92a7ee838]
Event: 14.717 Thread 0x000001c98a03d4a0 19020       2       org.jetbrains.kotlin.backend.common.lower.SharedVariablesLowering$SharedVariablesTransformer$collectSharedVariables$1::visitBranch (8 bytes)
Event: 14.718 Thread 0x000001c98a03d4a0 nmethod 19020 0x000001c92aae1290 code [0x000001c92aae14c0, 0x000001c92aae1988]
Event: 14.718 Thread 0x000001c98a03d4a0 19035       1       org.jetbrains.kotlin.backend.common.lower.LocalDeclarationsLowering$LocalDeclarationsTransformer::getLocalFunctions (5 bytes)
Event: 14.718 Thread 0x000001c98a03d4a0 nmethod 19035 0x000001c930ef6590 code [0x000001c930ef6720, 0x000001c930ef67f8]
Event: 14.721 Thread 0x000001c98a03ba10 nmethod 19006 0x000001c9315e9f10 code [0x000001c9315ea0e0, 0x000001c9315eaa18]
Event: 14.721 Thread 0x000001c98a03ba10 19039       4       org.jetbrains.kotlin.backend.common.lower.DefaultArgumentStubGeneratorKt::findBaseFunctionWithDefaultArguments$dfsImpl (253 bytes)
Event: 14.722 Thread 0x000001c98a03d4a0 19041       2       org.jetbrains.kotlin.backend.common.ClassLoweringVisitor::visitConstructor (13 bytes)
Event: 14.723 Thread 0x000001c98a03d4a0 nmethod 19041 0x000001c92b302490 code [0x000001c92b3026c0, 0x000001c92b302b78]
Event: 14.723 Thread 0x000001c98a03d4a0 19042       2       org.jetbrains.kotlin.backend.common.ClassLoweringVisitor::visitConstructor (7 bytes)
Event: 14.723 Thread 0x000001c98a03d4a0 nmethod 19042 0x000001c92b759790 code [0x000001c92b7599c0, 0x000001c92b759e38]
Event: 14.723 Thread 0x000001c98a03d4a0 19043       2       org.jetbrains.kotlin.backend.common.ClassLoweringVisitor::visitConstructor (6 bytes)
Event: 14.724 Thread 0x000001c98a03d4a0 nmethod 19043 0x000001c92b763710 code [0x000001c92b763940, 0x000001c92b763de8]
Event: 14.726 Thread 0x000001c98a03d4a0 19045       2       org.jetbrains.kotlin.ir.util.IrFakeOverrideUtilsKt::collectRealOverrides (172 bytes)

GC Heap History (20 events):
Event: 2.948 GC heap before
{Heap before GC invocations=10 (full 0):
 garbage-first heap   total 102400K, used 39483K [0x0000000701600000, 0x0000000800000000)
  region size 2048K, 5 young (10240K), 4 survivors (8192K)
 Metaspace       used 41778K, committed 41984K, reserved 1114112K
  class space    used 5093K, committed 5184K, reserved 1048576K
}
Event: 2.959 GC heap after
{Heap after GC invocations=11 (full 0):
 garbage-first heap   total 102400K, used 38977K [0x0000000701600000, 0x0000000800000000)
  region size 2048K, 1 young (2048K), 1 survivors (2048K)
 Metaspace       used 41778K, committed 41984K, reserved 1114112K
  class space    used 5093K, committed 5184K, reserved 1048576K
}
Event: 3.517 GC heap before
{Heap before GC invocations=11 (full 0):
 garbage-first heap   total 102400K, used 75841K [0x0000000701600000, 0x0000000800000000)
  region size 2048K, 19 young (38912K), 1 survivors (2048K)
 Metaspace       used 46803K, committed 47040K, reserved 1114112K
  class space    used 5677K, committed 5760K, reserved 1048576K
}
Event: 3.528 GC heap after
{Heap after GC invocations=12 (full 0):
 garbage-first heap   total 102400K, used 42620K [0x0000000701600000, 0x0000000800000000)
  region size 2048K, 3 young (6144K), 3 survivors (6144K)
 Metaspace       used 46803K, committed 47040K, reserved 1114112K
  class space    used 5677K, committed 5760K, reserved 1048576K
}
Event: 4.289 GC heap before
{Heap before GC invocations=12 (full 0):
 garbage-first heap   total 102400K, used 75388K [0x0000000701600000, 0x0000000800000000)
  region size 2048K, 19 young (38912K), 3 survivors (6144K)
 Metaspace       used 50822K, committed 51072K, reserved 1114112K
  class space    used 6071K, committed 6208K, reserved 1048576K
}
Event: 4.305 GC heap after
{Heap after GC invocations=13 (full 0):
 garbage-first heap   total 253952K, used 48007K [0x0000000701600000, 0x0000000800000000)
  region size 2048K, 3 young (6144K), 3 survivors (6144K)
 Metaspace       used 50822K, committed 51072K, reserved 1114112K
  class space    used 6071K, committed 6208K, reserved 1048576K
}
Event: 5.331 GC heap before
{Heap before GC invocations=13 (full 0):
 garbage-first heap   total 253952K, used 168839K [0x0000000701600000, 0x0000000800000000)
  region size 2048K, 62 young (126976K), 3 survivors (6144K)
 Metaspace       used 52861K, committed 53248K, reserved 1114112K
  class space    used 6273K, committed 6464K, reserved 1048576K
}
Event: 5.352 GC heap after
{Heap after GC invocations=14 (full 0):
 garbage-first heap   total 253952K, used 66149K [0x0000000701600000, 0x0000000800000000)
  region size 2048K, 8 young (16384K), 8 survivors (16384K)
 Metaspace       used 52861K, committed 53248K, reserved 1114112K
  class space    used 6273K, committed 6464K, reserved 1048576K
}
Event: 6.706 GC heap before
{Heap before GC invocations=14 (full 0):
 garbage-first heap   total 253952K, used 168549K [0x0000000701600000, 0x0000000800000000)
  region size 2048K, 58 young (118784K), 8 survivors (16384K)
 Metaspace       used 57415K, committed 57728K, reserved 1114112K
  class space    used 6677K, committed 6848K, reserved 1048576K
}
Event: 6.723 GC heap after
{Heap after GC invocations=15 (full 0):
 garbage-first heap   total 253952K, used 75485K [0x0000000701600000, 0x0000000800000000)
  region size 2048K, 5 young (10240K), 5 survivors (10240K)
 Metaspace       used 57415K, committed 57728K, reserved 1114112K
  class space    used 6677K, committed 6848K, reserved 1048576K
}
Event: 7.635 GC heap before
{Heap before GC invocations=15 (full 0):
 garbage-first heap   total 253952K, used 110301K [0x0000000701600000, 0x0000000800000000)
  region size 2048K, 23 young (47104K), 5 survivors (10240K)
 Metaspace       used 59765K, committed 60096K, reserved 1114112K
  class space    used 6901K, committed 7104K, reserved 1048576K
}
Event: 7.647 GC heap after
{Heap after GC invocations=16 (full 0):
 garbage-first heap   total 253952K, used 81889K [0x0000000701600000, 0x0000000800000000)
  region size 2048K, 3 young (6144K), 3 survivors (6144K)
 Metaspace       used 59765K, committed 60096K, reserved 1114112K
  class space    used 6901K, committed 7104K, reserved 1048576K
}
Event: 9.975 GC heap before
{Heap before GC invocations=17 (full 0):
 garbage-first heap   total 253952K, used 184289K [0x0000000701600000, 0x0000000800000000)
  region size 2048K, 52 young (106496K), 3 survivors (6144K)
 Metaspace       used 60867K, committed 61184K, reserved 1114112K
  class space    used 6947K, committed 7104K, reserved 1048576K
}
Event: 9.988 GC heap after
{Heap after GC invocations=18 (full 0):
 garbage-first heap   total 253952K, used 91363K [0x0000000701600000, 0x0000000800000000)
  region size 2048K, 7 young (14336K), 7 survivors (14336K)
 Metaspace       used 60867K, committed 61184K, reserved 1114112K
  class space    used 6947K, committed 7104K, reserved 1048576K
}
Event: 11.386 GC heap before
{Heap before GC invocations=18 (full 0):
 garbage-first heap   total 253952K, used 189667K [0x0000000701600000, 0x0000000800000000)
  region size 2048K, 55 young (112640K), 7 survivors (14336K)
 Metaspace       used 62220K, committed 62528K, reserved 1114112K
  class space    used 6996K, committed 7168K, reserved 1048576K
}
Event: 11.402 GC heap after
{Heap after GC invocations=19 (full 0):
 garbage-first heap   total 253952K, used 95376K [0x0000000701600000, 0x0000000800000000)
  region size 2048K, 3 young (6144K), 3 survivors (6144K)
 Metaspace       used 62220K, committed 62528K, reserved 1114112K
  class space    used 6996K, committed 7168K, reserved 1048576K
}
Event: 12.972 GC heap before
{Heap before GC invocations=19 (full 0):
 garbage-first heap   total 253952K, used 195728K [0x0000000701600000, 0x0000000800000000)
  region size 2048K, 52 young (106496K), 3 survivors (6144K)
 Metaspace       used 68433K, committed 68800K, reserved 1114112K
  class space    used 7578K, committed 7744K, reserved 1048576K
}
Event: 12.991 GC heap after
{Heap after GC invocations=20 (full 0):
 garbage-first heap   total 305152K, used 112640K [0x0000000701600000, 0x0000000800000000)
  region size 2048K, 7 young (14336K), 7 survivors (14336K)
 Metaspace       used 68433K, committed 68800K, reserved 1114112K
  class space    used 7578K, committed 7744K, reserved 1048576K
}
Event: 14.431 GC heap before
{Heap before GC invocations=20 (full 0):
 garbage-first heap   total 305152K, used 233472K [0x0000000701600000, 0x0000000800000000)
  region size 2048K, 66 young (135168K), 7 survivors (14336K)
 Metaspace       used 77725K, committed 78080K, reserved 1179648K
  class space    used 8512K, committed 8704K, reserved 1048576K
}
Event: 14.451 GC heap after
{Heap after GC invocations=21 (full 0):
 garbage-first heap   total 305152K, used 124259K [0x0000000701600000, 0x0000000800000000)
  region size 2048K, 6 young (12288K), 6 survivors (12288K)
 Metaspace       used 77725K, committed 78080K, reserved 1179648K
  class space    used 8512K, committed 8704K, reserved 1048576K
}

Dll operation events (7 events):
Event: 0.006 Loaded shared library C:\Program Files\Microsoft\jdk-17.0.8.7-hotspot\bin\java.dll
Event: 0.021 Loaded shared library C:\Program Files\Microsoft\jdk-17.0.8.7-hotspot\bin\jsvml.dll
Event: 0.047 Loaded shared library C:\Program Files\Microsoft\jdk-17.0.8.7-hotspot\bin\net.dll
Event: 0.048 Loaded shared library C:\Program Files\Microsoft\jdk-17.0.8.7-hotspot\bin\nio.dll
Event: 0.063 Loaded shared library C:\Program Files\Microsoft\jdk-17.0.8.7-hotspot\bin\zip.dll
Event: 0.078 Loaded shared library C:\Program Files\Microsoft\jdk-17.0.8.7-hotspot\bin\jimage.dll
Event: 0.642 Loaded shared library C:\Program Files\Microsoft\jdk-17.0.8.7-hotspot\bin\verify.dll

Deoptimization events (20 events):
Event: 14.657 Thread 0x000001c9218a29a0 Uncommon trap: trap_request=0xffffffde fr.pc=0x000001c9312cd33c relative=0x000000000000139c
Event: 14.657 Thread 0x000001c9218a29a0 Uncommon trap: reason=class_check action=maybe_recompile pc=0x000001c9312cd33c method=org.jetbrains.kotlin.ir.util.TypeTranslator.isMutabilityFlexible(Lorg/jetbrains/kotlin/types/KotlinType;)Z @ 42 c2
Event: 14.657 Thread 0x000001c9218a29a0 DEOPT PACKING pc=0x000001c9312cd33c sp=0x00000002dd3fc3b0
Event: 14.657 Thread 0x000001c9218a29a0 DEOPT UNPACKING pc=0x000001c9309169a3 sp=0x00000002dd3fc350 mode 2
Event: 14.676 Thread 0x000001c9218a29a0 DEOPT PACKING pc=0x000001c92bba01ba sp=0x00000002dd3fd920
Event: 14.676 Thread 0x000001c9218a29a0 DEOPT UNPACKING pc=0x000001c930917143 sp=0x00000002dd3fce40 mode 0
Event: 14.688 Thread 0x000001c9218a29a0 Uncommon trap: trap_request=0xffffffc6 fr.pc=0x000001c9316bcc68 relative=0x0000000000006468
Event: 14.688 Thread 0x000001c9218a29a0 Uncommon trap: reason=bimorphic_or_optimized_type_check action=maybe_recompile pc=0x000001c9316bcc68 method=org.jetbrains.kotlin.ir.util.IrFakeOverrideUtilsKt.collectAndFilterRealOverrides$collectRealOverrides(Ljava/util/Set;Lkotlin/jvm/functions/Function
Event: 14.688 Thread 0x000001c9218a29a0 DEOPT PACKING pc=0x000001c9316bcc68 sp=0x00000002dd3fd710
Event: 14.688 Thread 0x000001c9218a29a0 DEOPT UNPACKING pc=0x000001c9309169a3 sp=0x00000002dd3fd5a8 mode 2
Event: 14.715 Thread 0x000001c9218a29a0 DEOPT PACKING pc=0x000001c92bba01ba sp=0x00000002dd3fd900
Event: 14.715 Thread 0x000001c9218a29a0 DEOPT UNPACKING pc=0x000001c930917143 sp=0x00000002dd3fce20 mode 0
Event: 14.726 Thread 0x000001c9218a29a0 Uncommon trap: trap_request=0xffffffde fr.pc=0x000001c9316bd0b0 relative=0x00000000000068b0
Event: 14.726 Thread 0x000001c9218a29a0 Uncommon trap: reason=class_check action=maybe_recompile pc=0x000001c9316bd0b0 method=org.jetbrains.kotlin.ir.util.IrFakeOverrideUtilsKt.collectAndFilterRealOverrides$collectRealOverrides(Ljava/util/Set;Lkotlin/jvm/functions/Function1;Lkotlin/jvm/function
Event: 14.726 Thread 0x000001c9218a29a0 DEOPT PACKING pc=0x000001c9316bd0b0 sp=0x00000002dd3fd8d0
Event: 14.726 Thread 0x000001c9218a29a0 DEOPT UNPACKING pc=0x000001c9309169a3 sp=0x00000002dd3fd748 mode 2
Event: 14.726 Thread 0x000001c9218a29a0 Uncommon trap: trap_request=0xffffffde fr.pc=0x000001c9316b2704 relative=0x0000000000006144
Event: 14.726 Thread 0x000001c9218a29a0 Uncommon trap: reason=class_check action=maybe_recompile pc=0x000001c9316b2704 method=org.jetbrains.kotlin.ir.util.IrFakeOverrideUtilsKt.collectAndFilterRealOverrides$collectRealOverrides(Ljava/util/Set;Lkotlin/jvm/functions/Function1;Lkotlin/jvm/function
Event: 14.726 Thread 0x000001c9218a29a0 DEOPT PACKING pc=0x000001c9316b2704 sp=0x00000002dd3fd7f0
Event: 14.726 Thread 0x000001c9218a29a0 DEOPT UNPACKING pc=0x000001c9309169a3 sp=0x00000002dd3fd740 mode 2

Classes unloaded (0 events):
No events

Classes redefined (0 events):
No events

Internal exceptions (20 events):
Event: 6.452 Thread 0x000001c9218a29a0 Implicit null exception at 0x000001c930e7cc72 to 0x000001c930e7d2cc
Event: 7.313 Thread 0x000001c9218a29a0 Exception <a 'java/lang/NoSuchMethodError'{0x000000070f781050}: 'java.lang.Object java.lang.invoke.DirectMethodHandle$Holder.newInvokeSpecial(java.lang.Object, int, java.lang.Object, java.lang.Object)'> (0x000000070f781050) 
thrown [s\src\hotspot\share\interpreter\linkResolver.cpp, line 759]
Event: 7.313 Thread 0x000001c9218a29a0 Exception <a 'java/lang/NoSuchMethodError'{0x000000070f786240}: 'java.lang.Object java.lang.invoke.DirectMethodHandle$Holder.invokeSpecial(java.lang.Object, java.lang.Object, int, java.lang.Object, java.lang.Object)'> (0x000000070f786240) 
thrown [s\src\hotspot\share\interpreter\linkResolver.cpp, line 759]
Event: 7.635 Thread 0x000001c9218a29a0 Exception <a 'java/lang/NoSuchMethodError'{0x000000070ea44d50}: 'void java.lang.invoke.DirectMethodHandle$Holder.invokeStatic(java.lang.Object, java.lang.Object, java.lang.Object)'> (0x000000070ea44d50) 
thrown [s\src\hotspot\share\interpreter\linkResolver.cpp, line 759]
Event: 8.299 Thread 0x000001c9218a29a0 Implicit null exception at 0x000001c9312a3e74 to 0x000001c9312a3f58
Event: 9.202 Thread 0x000001c9218a29a0 Implicit null exception at 0x000001c9313b038b to 0x000001c9313b2524
Event: 9.473 Thread 0x000001c9218a29a0 Implicit null exception at 0x000001c9312aed10 to 0x000001c9312b0ee4
Event: 10.220 Thread 0x000001c9218a29a0 Implicit null exception at 0x000001c931088f60 to 0x000001c9310892bc
Event: 10.957 Thread 0x000001c9218a29a0 Implicit null exception at 0x000001c930f085ef to 0x000001c930f087d4
Event: 11.579 Thread 0x000001c9218a29a0 Implicit null exception at 0x000001c93145bcb3 to 0x000001c93145be28
Event: 11.625 Thread 0x000001c9218a29a0 Exception <a 'java/lang/NoSuchMethodError'{0x00000007104478e0}: 'java.lang.Object java.lang.invoke.DirectMethodHandle$Holder.invokeStaticInit(java.lang.Object, java.lang.Object, java.lang.Object, java.lang.Object)'> (0x00000007104478e0) 
thrown [s\src\hotspot\share\interpreter\linkResolver.cpp, line 759]
Event: 11.757 Thread 0x000001c9218a29a0 Implicit null exception at 0x000001c93131c193 to 0x000001c93131c2f0
Event: 11.823 Thread 0x000001c9218a29a0 Exception <a 'java/lang/NoSuchMethodError'{0x000000070f8ed388}: 'java.lang.Object java.lang.invoke.DirectMethodHandle$Holder.newInvokeSpecial(java.lang.Object, java.lang.Object, java.lang.Object, int, int)'> (0x000000070f8ed388) 
thrown [s\src\hotspot\share\interpreter\linkResolver.cpp, line 759]
Event: 11.823 Thread 0x000001c9218a29a0 Exception <a 'java/lang/NoSuchMethodError'{0x000000070f8f11c8}: 'java.lang.Object java.lang.invoke.DirectMethodHandle$Holder.invokeSpecial(java.lang.Object, java.lang.Object, java.lang.Object, java.lang.Object, int, int)'> (0x000000070f8f11c8) 
thrown [s\src\hotspot\share\interpreter\linkResolver.cpp, line 759]
Event: 11.884 Thread 0x000001c9218a29a0 Exception <a 'java/lang/NoSuchMethodError'{0x000000070f7be318}: 'java.lang.Object java.lang.invoke.DirectMethodHandle$Holder.invokeSpecial(java.lang.Object, java.lang.Object, int, int, java.lang.Object, java.lang.Object, java.lang.Object, java.lang.Object, java.lang.Object)'> (0x000000070f7be318) 
thrown [s\src\hotspot\share\interpreter\linkResolver.cpp, line 759]
Event: 12.142 Thread 0x000001c9218a29a0 Implicit null exception at 0x000001c930eceef0 to 0x000001c930ecf150
Event: 12.179 Thread 0x000001c9218a29a0 Exception <a 'java/lang/NoSuchMethodError'{0x000000070e71d2a8}: 'java.lang.Object java.lang.invoke.DirectMethodHandle$Holder.invokeStatic(java.lang.Object, java.lang.Object, java.lang.Object, int, int, java.lang.Object, java.lang.Object, java.lang.Object, java.lang.Object)'> (0x000000070e71d2a8) 
thrown [s\src\hotspot\share\interpreter\linkResolver.cpp, line 759]
Event: 12.179 Thread 0x000001c9218a29a0 Exception <a 'java/lang/NoSuchMethodError'{0x000000070e727570}: 'java.lang.Object java.lang.invoke.DirectMethodHandle$Holder.newInvokeSpecial(java.lang.Object, java.lang.Object, java.lang.Object, int, int, java.lang.Object)'> (0x000000070e727570) 
thrown [s\src\hotspot\share\interpreter\linkResolver.cpp, line 759]
Event: 12.179 Thread 0x000001c9218a29a0 Exception <a 'java/lang/NoSuchMethodError'{0x000000070e72ef10}: 'java.lang.Object java.lang.invoke.Invokers$Holder.linkToTargetMethod(java.lang.Object, java.lang.Object, int, int, java.lang.Object, java.lang.Object)'> (0x000000070e72ef10) 
thrown [s\src\hotspot\share\interpreter\linkResolver.cpp, line 759]
Event: 13.964 Thread 0x000001c9218a29a0 Implicit null exception at 0x000001c93165eb35 to 0x000001c93165ed92

VM Operations (20 events):
Event: 14.182 Executing VM operation: HandshakeAllThreads
Event: 14.182 Executing VM operation: HandshakeAllThreads done
Event: 14.183 Executing VM operation: HandshakeAllThreads
Event: 14.183 Executing VM operation: HandshakeAllThreads done
Event: 14.193 Executing VM operation: ICBufferFull
Event: 14.193 Executing VM operation: ICBufferFull done
Event: 14.337 Executing VM operation: ICBufferFull
Event: 14.337 Executing VM operation: ICBufferFull done
Event: 14.431 Executing VM operation: G1CollectForAllocation
Event: 14.451 Executing VM operation: G1CollectForAllocation done
Event: 14.502 Executing VM operation: HandshakeAllThreads
Event: 14.502 Executing VM operation: HandshakeAllThreads done
Event: 14.502 Executing VM operation: HandshakeAllThreads
Event: 14.502 Executing VM operation: HandshakeAllThreads done
Event: 14.554 Executing VM operation: ICBufferFull
Event: 14.554 Executing VM operation: ICBufferFull done
Event: 14.559 Executing VM operation: HandshakeAllThreads
Event: 14.559 Executing VM operation: HandshakeAllThreads done
Event: 14.666 Executing VM operation: ICBufferFull
Event: 14.666 Executing VM operation: ICBufferFull done

Events (20 events):
Event: 14.592 Thread 0x000001c98a0448b0 flushing nmethod 0x000001c92b71cd90
Event: 14.592 Thread 0x000001c98a0448b0 flushing nmethod 0x000001c92b731210
Event: 14.592 Thread 0x000001c98a0448b0 flushing nmethod 0x000001c92b758e90
Event: 14.592 Thread 0x000001c98a0448b0 flushing nmethod 0x000001c92b75b310
Event: 14.592 Thread 0x000001c98a0448b0 flushing nmethod 0x000001c92b75ea10
Event: 14.592 Thread 0x000001c98a0448b0 flushing nmethod 0x000001c92b762e10
Event: 14.592 Thread 0x000001c98a0448b0 flushing nmethod 0x000001c92b765d90
Event: 14.592 Thread 0x000001c98a0448b0 flushing nmethod 0x000001c92b76a290
Event: 14.592 Thread 0x000001c98a0448b0 flushing nmethod 0x000001c92b79ef10
Event: 14.592 Thread 0x000001c98a0448b0 flushing nmethod 0x000001c92b79f610
Event: 14.592 Thread 0x000001c98a0448b0 flushing nmethod 0x000001c92b7a2010
Event: 14.592 Thread 0x000001c98a0448b0 flushing nmethod 0x000001c92b7a2a90
Event: 14.592 Thread 0x000001c98a0448b0 flushing nmethod 0x000001c92b7a3b10
Event: 14.592 Thread 0x000001c98a0448b0 flushing nmethod 0x000001c92b7cf790
Event: 14.592 Thread 0x000001c98a0448b0 flushing nmethod 0x000001c92b7d0410
Event: 14.593 Thread 0x000001c98a0448b0 flushing nmethod 0x000001c92b8f1510
Event: 14.593 Thread 0x000001c98a0448b0 flushing nmethod 0x000001c92b8f9b90
Event: 14.593 Thread 0x000001c98a0448b0 flushing nmethod 0x000001c92b91bd10
Event: 14.593 Thread 0x000001c98a0448b0 flushing nmethod 0x000001c92b9adb90
Event: 14.594 Thread 0x000001c98a0448b0 flushing nmethod 0x000001c92b9fed10


Dynamic libraries:
0x00007ff62e1f0000 - 0x00007ff62e1fe000 	C:\Program Files\Microsoft\jdk-17.0.8.7-hotspot\bin\java.exe
0x00007ff803630000 - 0x00007ff803846000 	C:\WINDOWS\SYSTEM32\ntdll.dll
0x00007ff802740000 - 0x00007ff802804000 	C:\WINDOWS\System32\KERNEL32.DLL
0x00007ff800f60000 - 0x00007ff801306000 	C:\WINDOWS\System32\KERNELBASE.dll
0x00007ff800ac0000 - 0x00007ff800bd1000 	C:\WINDOWS\System32\ucrtbase.dll
0x00007fffa6c10000 - 0x00007fffa6c27000 	C:\Program Files\Microsoft\jdk-17.0.8.7-hotspot\bin\jli.dll
0x00007fffa65f0000 - 0x00007fffa660b000 	C:\Program Files\Microsoft\jdk-17.0.8.7-hotspot\bin\VCRUNTIME140.dll
0x00007ff801870000 - 0x00007ff801a1d000 	C:\WINDOWS\System32\USER32.dll
0x00007ff800a10000 - 0x00007ff800a36000 	C:\WINDOWS\System32\win32u.dll
0x00007fffe8e90000 - 0x00007fffe9123000 	C:\WINDOWS\WinSxS\amd64_microsoft.windows.common-controls_6595b64144ccf1df_6.0.22621.3235_none_270f74e173860f98\COMCTL32.dll
0x00007ff802710000 - 0x00007ff802739000 	C:\WINDOWS\System32\GDI32.dll
0x00007ff801a60000 - 0x00007ff801b07000 	C:\WINDOWS\System32\msvcrt.dll
0x00007ff800be0000 - 0x00007ff800cf8000 	C:\WINDOWS\System32\gdi32full.dll
0x00007ff800970000 - 0x00007ff800a0a000 	C:\WINDOWS\System32\msvcp_win.dll
0x00007ff801a20000 - 0x00007ff801a51000 	C:\WINDOWS\System32\IMM32.DLL
0x00007fffcb570000 - 0x00007fffcb57c000 	C:\Program Files\Microsoft\jdk-17.0.8.7-hotspot\bin\vcruntime140_1.dll
0x00007fff979b0000 - 0x00007fff97a3d000 	C:\Program Files\Microsoft\jdk-17.0.8.7-hotspot\bin\msvcp140.dll
0x00007fff90320000 - 0x00007fff90f85000 	C:\Program Files\Microsoft\jdk-17.0.8.7-hotspot\bin\server\jvm.dll
0x00007ff801b10000 - 0x00007ff801bc2000 	C:\WINDOWS\System32\ADVAPI32.dll
0x00007ff802650000 - 0x00007ff8026f8000 	C:\WINDOWS\System32\sechost.dll
0x00007ff800e70000 - 0x00007ff800e98000 	C:\WINDOWS\System32\bcrypt.dll
0x00007ff8024a0000 - 0x00007ff8025b5000 	C:\WINDOWS\System32\RPCRT4.dll
0x00007fffe0e30000 - 0x00007fffe0e39000 	C:\WINDOWS\SYSTEM32\WSOCK32.dll
0x00007ff800400000 - 0x00007ff80044d000 	C:\WINDOWS\SYSTEM32\POWRPROF.dll
0x00007ff803550000 - 0x00007ff8035c1000 	C:\WINDOWS\System32\WS2_32.dll
0x00007ffff95b0000 - 0x00007ffff95e4000 	C:\WINDOWS\SYSTEM32\WINMM.dll
0x00007ffff99f0000 - 0x00007ffff99fa000 	C:\WINDOWS\SYSTEM32\VERSION.dll
0x00007ff8002f0000 - 0x00007ff800303000 	C:\WINDOWS\SYSTEM32\UMPDC.dll
0x00007fffff960000 - 0x00007fffff978000 	C:\WINDOWS\SYSTEM32\kernel.appcore.dll
0x00007fffcb2f0000 - 0x00007fffcb2fa000 	C:\Program Files\Microsoft\jdk-17.0.8.7-hotspot\bin\jimage.dll
0x00007ffffe250000 - 0x00007ffffe483000 	C:\WINDOWS\SYSTEM32\DBGHELP.DLL
0x00007ff801d10000 - 0x00007ff802098000 	C:\WINDOWS\System32\combase.dll
0x00007ff801bd0000 - 0x00007ff801ca7000 	C:\WINDOWS\System32\OLEAUT32.dll
0x00007ffff7450000 - 0x00007ffff7482000 	C:\WINDOWS\SYSTEM32\dbgcore.DLL
0x00007ff800a40000 - 0x00007ff800aba000 	C:\WINDOWS\System32\bcryptPrimitives.dll
0x00007fffa49c0000 - 0x00007fffa49e5000 	C:\Program Files\Microsoft\jdk-17.0.8.7-hotspot\bin\java.dll
0x00007fff90240000 - 0x00007fff90317000 	C:\Program Files\Microsoft\jdk-17.0.8.7-hotspot\bin\jsvml.dll
0x00007ff8028f0000 - 0x00007ff80314c000 	C:\WINDOWS\System32\SHELL32.dll
0x00007ffffe870000 - 0x00007fffff168000 	C:\WINDOWS\SYSTEM32\windows.storage.dll
0x00007ffffe730000 - 0x00007ffffe86e000 	C:\WINDOWS\SYSTEM32\wintypes.dll
0x00007ff803150000 - 0x00007ff803243000 	C:\WINDOWS\System32\SHCORE.dll
0x00007ff801cb0000 - 0x00007ff801d0e000 	C:\WINDOWS\System32\shlwapi.dll
0x00007ff8008a0000 - 0x00007ff8008c6000 	C:\WINDOWS\SYSTEM32\profapi.dll
0x00007fffa55f0000 - 0x00007fffa5609000 	C:\Program Files\Microsoft\jdk-17.0.8.7-hotspot\bin\net.dll
0x00007ffff9800000 - 0x00007ffff9937000 	C:\WINDOWS\SYSTEM32\WINHTTP.dll
0x00007fffffdd0000 - 0x00007fffffe39000 	C:\WINDOWS\system32\mswsock.dll
0x00007fffa4950000 - 0x00007fffa4966000 	C:\Program Files\Microsoft\jdk-17.0.8.7-hotspot\bin\nio.dll
0x00007ffff9a00000 - 0x00007ffff9a18000 	C:\Program Files\Microsoft\jdk-17.0.8.7-hotspot\bin\zip.dll
0x00007ffff9180000 - 0x00007ffff9190000 	C:\Program Files\Microsoft\jdk-17.0.8.7-hotspot\bin\verify.dll

dbghelp: loaded successfully - version: 4.0.5 - missing functions: none
symbol engine: initialized successfully - sym options: 0x614 - pdb path: .;C:\Program Files\Microsoft\jdk-17.0.8.7-hotspot\bin;C:\WINDOWS\SYSTEM32;C:\WINDOWS\WinSxS\amd64_microsoft.windows.common-controls_6595b64144ccf1df_6.0.22621.3235_none_270f74e173860f98;C:\Program Files\Microsoft\jdk-17.0.8.7-hotspot\bin\server

VM Arguments:
java_command: org.jetbrains.kotlin.cli.jvm.K2JVMCompiler @D:\REACT NATIVE\finalProject\node_modules\react-native-screens\android\build\20240307_15541421787413184234.compiler.options
java_class_path (initial): C:\Users\User\.gradle\caches\modules-2\files-2.1\org.jetbrains.kotlin\kotlin-compiler-embeddable\1.8.0\eb9118d4bcceaa2a94b2ae2a33a4ddba7c9a947f\kotlin-compiler-embeddable-1.8.0.jar;C:\Users\User\.gradle\caches\modules-2\files-2.1\org.jetbrains.kotlin\kotlin-stdlib\1.8.0\1796921c7a3e2e2665a83e6c8d33399336cd39bc\kotlin-stdlib-1.8.0.jar;C:\Users\User\.gradle\caches\modules-2\files-2.1\org.jetbrains.kotlin\kotlin-script-runtime\1.8.0\b2f7e760d283cb339974851c222a4c1d48f2d3d\kotlin-script-runtime-1.8.0.jar;C:\Users\User\.gradle\caches\modules-2\files-2.1\org.jetbrains.kotlin\kotlin-reflect\1.6.10\1cbe9c92c12a94eea200d23c2bbaedaf3daf5132\kotlin-reflect-1.6.10.jar;C:\Users\User\.gradle\caches\modules-2\files-2.1\org.jetbrains.kotlin\kotlin-daemon-embeddable\1.8.0\d255216c551685dc3a7e852b53617f5f01aaaa5c\kotlin-daemon-embeddable-1.8.0.jar;C:\Users\User\.gradle\caches\modules-2\files-2.1\org.jetbrains.intellij.deps\trove4j\1.0.20200330\3afb14d5f9ceb459d724e907a21145e8ff394f02\trove4j-1.0.20200330.jar;C:\Users\User\.gradle\caches\modules-2\files-2.1\net.java.dev.jna\jna\5.6.0\330f2244e9030119ab3030fc3fededc86713d9cc\jna-5.6.0.jar;C:\Users\User\.gradle\caches\modules-2\files-2.1\org.jetbrains.kotlin\kotlin-stdlib-common\1.8.0\f7197e7cc76453ac59f8b0f8d5137cc600becd36\kotlin-stdlib-common-1.8.0.jar;C:\Users\User\.gradle\caches\modules-2\files-2.1\org.jetbrains\annotations\13.0\919f0dfe192fb4e063e7dacadee7f8bb9a2672a9\annotations-13.0.jar
Launcher Type: SUN_STANDARD

[Global flags]
     intx CICompilerCount                          = 4                                         {product} {ergonomic}
     uint ConcGCThreads                            = 3                                         {product} {ergonomic}
     uint G1ConcRefinementThreads                  = 10                                        {product} {ergonomic}
   size_t G1HeapRegionSize                         = 2097152                                   {product} {ergonomic}
    uintx GCDrainStackTargetSize                   = 64                                        {product} {ergonomic}
   size_t InitialHeapSize                          = 268435456                                 {product} {ergonomic}
   size_t MarkStackSize                            = 4194304                                   {product} {ergonomic}
   size_t MaxHeapSize                              = 4271898624                                {product} {ergonomic}
   size_t MaxNewSize                               = 2562719744                                {product} {ergonomic}
   size_t MinHeapDeltaBytes                        = 2097152                                   {product} {ergonomic}
   size_t MinHeapSize                              = 8388608                                   {product} {ergonomic}
    uintx NonNMethodCodeHeapSize                   = 5839372                                {pd product} {ergonomic}
    uintx NonProfiledCodeHeapSize                  = 122909434                              {pd product} {ergonomic}
    uintx ProfiledCodeHeapSize                     = 122909434                              {pd product} {ergonomic}
    uintx ReservedCodeCacheSize                    = 251658240                              {pd product} {ergonomic}
     bool SegmentedCodeCache                       = true                                      {product} {ergonomic}
   size_t SoftMaxHeapSize                          = 4271898624                             {manageable} {ergonomic}
     bool UseCompressedClassPointers               = true                           {product lp64_product} {ergonomic}
     bool UseCompressedOops                        = true                           {product lp64_product} {ergonomic}
     bool UseG1GC                                  = true                                      {product} {ergonomic}
     bool UseLargePagesIndividualAllocation        = false                                  {pd product} {ergonomic}

Logging:
Log output configuration:
 #0: stdout all=warning uptime,level,tags
 #1: stderr all=off uptime,level,tags

Environment Variables:
JAVA_HOME=C:\Program Files\Microsoft\jdk-17.0.8.7-hotspot\
CLASSPATH=D:\REACT NATIVE\finalProject\android\\gradle\wrapper\gradle-wrapper.jar
PATH=D:\REACT NATIVE\finalProject\node_modules\.bin;D:\REACT NATIVE\node_modules\.bin;D:\node_modules\.bin;C:\Users\User\AppData\Roaming\npm\node_modules\npm\node_modules\@npmcli\run-script\lib\node-gyp-bin;C:\Program Files\Microsoft\jdk-17.0.8.7-hotspot\bin;C:\Program Files\Microsoft\jdk-11.0.20.8-hotspot\bin;C:\Program Files\Common Files\Oracle\Java\javapath;C:\Windows\system32;C:\Windows;C:\Windows\System32\Wbem;C:\Windows\System32\WindowsPowerShell\v1.0\;C:\Windows\System32\OpenSSH\;C:\Program Files (x86)\NVIDIA Corporation\PhysX\Common;C:\Program Files\NVIDIA Corporation\NVIDIA NvDLISR;C:\Program Files\ibm\gsk8\lib64;C:\Program Files (x86)\ibm\gsk8\lib;C:\Program Files (x86)\Sybase\Adaptive Server Anywhere 6.0\win32;C:\PROGRA~1\IBM\SQLLIB\BIN;C:\PROGRA~1\IBM\SQLLIB\FUNCTION;C:\PROGRA~1\IBM\SQLLIB\SAMPLES\REPL;C:\Program Files (x86)\Sybase\SQL Anywhere 8\win32;C:\Program Files (x86)\Sybase\Shared\win32;C:\Program Files (x86)\Sybase\Shared\Sybase Central 4.1;C:\Program Files (x86)\PowerDynamo\win32;C:\Program Files (x86)\Sybase\Shared\PowerBuilder;C:\Program Files (x86)\Sybase\InfoMaker 9.0\Tutorial;C:\Program Files (x86)\Sybase\Shared\DataDirect;C:\Program Files (x86)\Microsoft SQL Server\150\DTS\Binn\;C:\WINDOWS\system32;C:\WINDOWS;C:\WINDOWS\System32\Wbem;C:\WINDOWS\System32\WindowsPowerShell\v1.0\;C:\WINDOWS\System32\OpenSSH\;C:\xampp\php;C:\ProgramData\ComposerSetup\bin;C:\Program Files (x86)\HP\Common\HPDestPlgIn\;C:\Program Files\Microsoft SQL Server\Client SDK\ODBC\130\Tools\Binn\;C:\Program Files (x86)\Microsoft SQL Server\140\Tools\Binn\;C:\Program Files\Microsoft SQL Server\140\Tools\Binn\;C:\Program Files\Microsoft SQL Server\140\DTS\Binn\;C:\Program Files\Microsoft\jdk-17.0.8.7-hotspot\\bin;C:\Program Files\Git\cmd;C:\Program Files\Docker\Docker\resources\bin;C:\Go\bin;C:\Program Files (x86)\Microsoft SQL Server Migration Assistant for DB2\bin\;C:\Program Files\Microsoft OLE DB Provider for DB2\system;C:\Program Files\Maven\apache-maven-3.9.2\bin;C:\Pro
USERNAME=User
LANG=en_US.UTF-8
OS=Windows_NT
PROCESSOR_IDENTIFIER=Intel64 Family 6 Model 165 Stepping 2, GenuineIntel
TMP=C:\Users\User\AppData\Local\Temp
TEMP=C:\Users\User\AppData\Local\Temp



---------------  S Y S T E M  ---------------

OS:
 Windows 11 , 64 bit Build 22621 (10.0.22621.3235)
OS uptime: 2 days 6:33 hours
Hyper-V role detected

CPU: total 12 (initial active 12) (6 cores per cpu, 2 threads per core) family 6 model 165 stepping 2 microcode 0xe2, cx8, cmov, fxsr, ht, mmx, 3dnowpref, sse, sse2, sse3, ssse3, sse4.1, sse4.2, popcnt, lzcnt, tsc, tscinvbit, avx, avx2, aes, erms, clmul, bmi1, bmi2, adx, fma, vzeroupper, clflush, clflushopt, hv
Processor Information for all 12 processors :
  Max Mhz: 2592, Current Mhz: 2592, Mhz Limit: 2592

Memory: 4k page, system-wide physical 16291M (459M free)
TotalPageFile size 32570M (AvailPageFile size 5M)
current process WorkingSet (physical memory assigned to process): 567M, peak: 570M
current process commit charge ("private bytes"): 623M, peak: 630M

vm_info: OpenJDK 64-Bit Server VM (17.0.8+7-LTS) for windows-amd64 JRE (17.0.8+7-LTS), built on Jul  7 2023 17:21:55 by "MicrosoftCorporation" with MS VC++ 16.10 / 16.11 (VS2019)

END.
